#
# A fatal error has been detected by the Java Runtime Environment:
#
#  EXCEPTION_ACCESS_VIOLATION (0xc0000005) at pc=0x00007ffe62a1d169, pid=12296, tid=3016
#
# JRE version: Java(TM) SE Runtime Environment (19.0.2+7) (build 19.0.2+7-44)
# Java VM: Java HotSpot(TM) 64-Bit Server VM (19.0.2+7-44, mixed mode, sharing, tiered, compressed oops, compressed class ptrs, g1 gc, windows-amd64)
# Problematic frame:
# C  [ig11icd64.dll+0x56d169]
#
# No core dump will be written. Minidumps are not enabled by default on client versions of Windows
#
# If you would like to submit a bug report, please visit:
#   https://bugreport.java.com/bugreport/crash.jsp
# The crash happened outside the Java Virtual Machine in native code.
# See problematic frame for where to report the bug.
#

---------------  S U M M A R Y ------------

Command Line: -agentlib:jdwp=transport=dt_socket,server=n,suspend=y,address=127.0.0.1:56226 -Dfile.encoding=windows-1251 -Duser.country=NL -Duser.language=nl -Duser.variant com.knapsack.core.main.Launcher

Host: Intel(R) Core(TM) i3-1005G1 CPU @ 1.20GHz, 4 cores, 7G,  Windows 10 , 64 bit Build 19041 (10.0.19041.1889)
Time: Mon Jan  8 01:41:08 2024 West-Europa (standaardtijd) elapsed time: 10.483837 seconds (0d 0h 0m 10s)

---------------  T H R E A D  ---------------

Current thread (0x00000230480f3780):  JavaThread "JDWP Transport Listener: dt_socket" daemon [_thread_in_native, id=3016, stack(0x000000b73c300000,0x000000b73c400000)]

Stack: [0x000000b73c300000,0x000000b73c400000],  sp=0x000000b73c3febc0,  free space=1018k
Native frames: (J=compiled Java code, j=interpreted, Vv=VM code, C=native code)
C  [ig11icd64.dll+0x56d169]