#
# A fatal error has been detected by the Java Runtime Environment:
#
#  EXCEPTION_ACCESS_VIOLATION (0xc0000005) at pc=0x00007ffe62a1d169, pid=9884, tid=256
#
# JRE version: Java(TM) SE Runtime Environment (19.0.2+7) (build 19.0.2+7-44)
# Java VM: Java HotSpot(TM) 64-Bit Server VM (19.0.2+7-44, mixed mode, sharing, tiered, compressed oops, compressed class ptrs, g1 gc, windows-amd64)
# Problematic frame:
# C  [ig11icd64.dll+0x56d169]
#
# No core dump will be written. Minidumps are not enabled by default on client versions of Windows
#
# If you would like to submit a bug report, please visit:
#   https://bugreport.java.com/bugreport/crash.jsp
# The crash happened outside the Java Virtual Machine in native code.
# See problematic frame for where to report the bug.
#

---------------  S U M M A R Y ------------

Command Line: -agentlib:jdwp=transport=dt_socket,server=n,suspend=y,address=127.0.0.1:51006 -Dfile.encoding=windows-1251 -Duser.country=NL -Duser.language=nl -Duser.variant com.knapsack.core.main.Launcher

Host: Intel(R) Core(TM) i3-1005G1 CPU @ 1.20GHz, 4 cores, 7G,  Windows 10 , 64 bit Build 19041 (10.0.19041.1889)
Time: Sun Jan  7 19:58:50 2024 West-Europa (standaardtijd) elapsed time: 30.659570 seconds (0d 0h 0m 30s)

---------------  T H R E A D  ---------------

Current thread (0x0000023bfdb3b410):  JavaThread "JDWP Transport Listener: dt_socket" daemon [_thread_in_native, id=256, stack(0x000000b893800000,0x000000b893900000)]

Stack: [0x000000b893800000,0x000000b893900000],  sp=0x000000b8938fe9b0,  free space=1018k
Native frames: (J=compiled Java code, j=interpreted, Vv=VM code, C=native code)
C  [ig11icd64.dll+0x56d169]


siginfo: EXCEPTION_ACCESS_VIOLATION (0xc0000005), reading address 0x0000000000035378


Registers:
RAX=0x0000023b88746240, RBX=0x0000023b88746110, RCX=0x0000000000000000, RDX=0x0000023b88746200
RSP=0x000000b8938fe9b0, RBP=0x0000023b8868a3f0, RSI=0x0000023b88746648, RDI=0x0000023bfdef86f0
R8 =0x0000000000000014, R9 =0x0000000000000000, R10=0x0000000000000000, R11=0x0000000000000246
R12=0x0000000000000000, R13=0x0000000000000000, R14=0x0000000000000000, R15=0x0000000000000000
RIP=0x00007ffe62a1d169, EFLAGS=0x0000000000010202


Register to memory mapping:

RIP=0x00007ffe62a1d169 ig11icd64.dll
RAX=0x0000023b88746240 points into unknown readable memory: 0x0000000000009c60 | 60 9c 00 00 00 00 00 00
RBX=0x0000023b88746110 points into unknown readable memory: 0x0000023bfe27e130 | 30 e1 27 fe 3b 02 00 00
RCX=0x0 is NULL
RDX=0x0000023b88746200 points into unknown readable memory: 0x0000000000000000 | 00 00 00 00 00 00 00 00
RSP=0x000000b8938fe9b0 is pointing into the stack for thread: 0x0000023bfdb3b410
RBP=0x0000023b8868a3f0 points into unknown readable memory: 0x0000023bfe27e130 | 30 e1 27 fe 3b 02 00 00
RSI=0x0000023b88746648 points into unknown readable memory: 0x0000023b8868a3f0 | f0 a3 68 88 3b 02 00 00
RDI=0x0000023bfdef86f0 points into unknown readable memory: 0xffffffffffffff01 | 01 ff ff ff ff ff ff ff
R8 =0x0000000000000014 is an unknown value
R9 =0x0 is NULL
R10=0x0 is NULL
R11=0x0000000000000246 is an unknown value
R12=0x0 is NULL
R13=0x0 is NULL
R14=0x0 is NULL
R15=0x0 is NULL


Top of Stack: (sp=0x000000b8938fe9b0)
0x000000b8938fe9b0:   0000023bfe306430 8392007182920122
0x000000b8938fe9c0:   000000b8938fe9f8 0000005400000000
0x000000b8938fe9d0:   00007ffe6340b740 0000000000000000
0x000000b8938fe9e0:   0000023b885f9d50 0000000000000070
0x000000b8938fe9f0:   0000000000000000 00007ffe629fe3ea
0x000000b8938fea00:   0000023bfe306430 0000023bfdef86f0
0x000000b8938fea10:   000000b8938feb00 000000000000acf5
0x000000b8938fea20:   000000b8000008f4 12ab00db00000000
0x000000b8938fea30:   0000000000000000 84ac0061d2ab0130
0x000000b8938fea40:   0000023b860f0000 0000023b88684cc0
0x000000b8938fea50:   0000023b88684cc0 0000023b885fd7f0
0x000000b8938fea60:   000080040000c000 0000023b885c49c0
0x000000b8938fea70:   0000000000000001 00007ffe62a1b0bd
0x000000b8938fea80:   0000715512a072f8 0000023b88598b10
0x000000b8938fea90:   0000023b885f92e0 00007ffe624e82f8
0x000000b8938feaa0:   0000023b885fd7f0 0000023b885c49c0 

Instructions: (pc=0x00007ffe62a1d169)
0x00007ffe62a1d069:   30 44 38 24 01 75 05 e8 a3 1b f9 ff 65 48 8b 04
0x00007ffe62a1d079:   25 58 00 00 00 41 be 20 00 00 00 48 8b 04 30 4d
0x00007ffe62a1d089:   8b 34 06 48 85 ed 0f 84 6f 03 00 00 66 66 66 0f
0x00007ffe62a1d099:   1f 84 00 00 00 00 00 48 8b dd 48 8d b5 38 05 00
0x00007ffe62a1d0a9:   00 48 8b 2e 45 84 ff 74 1d 48 8b 0b 48 8b d3 80
0x00007ffe62a1d0b9:   bb 8a 05 00 00 00 0f 85 f2 02 00 00 e8 a6 63 fe
0x00007ffe62a1d0c9:   ff e9 f4 02 00 00 8b 8f d0 01 00 00 48 8b 05 84
0x00007ffe62a1d0d9:   21 8f 00 83 b8 64 03 00 00 02 0f 85 f4 00 00 00
0x00007ffe62a1d0e9:   48 8d 93 f0 00 00 00 83 f9 10 73 04 8b c1 eb 56
0x00007ffe62a1d0f9:   44 8d 41 f0 41 8b c0 c1 e8 04 83 f8 03 73 20 0f
0x00007ffe62a1d109:   ae e8 41 83 e0 0f 4c 8b 8c c2 00 04 00 00 4d 85
0x00007ffe62a1d119:   c9 74 25 41 8b c0 48 c1 e0 06 49 03 c1 eb 2e 48
0x00007ffe62a1d129:   8b 82 18 04 00 00 48 85 c0 74 0d 39 08 74 29 48
0x00007ffe62a1d139:   8b 40 48 48 85 c0 75 f3 80 ba 20 04 00 00 00 74
0x00007ffe62a1d149:   1d 8b c1 83 e0 0f 48 c1 e0 06 48 03 c2 48 85 c0
0x00007ffe62a1d159:   74 0c 48 8b 48 08 eb 08 48 83 c0 08 eb ef 33 c9
0x00007ffe62a1d169:   49 3b 8e 78 53 03 00 76 6b 48 8b 87 80 02 00 00
0x00007ffe62a1d179:   48 89 06 48 89 9f 80 02 00 00 ff 87 88 02 00 00
0x00007ffe62a1d189:   48 8b 4b 08 48 8b 01 ba 01 00 00 00 48 8b 80 d8
0x00007ffe62a1d199:   02 00 00 ff 15 5e 54 59 00 0f b7 c8 48 2b c1 48
0x00007ffe62a1d1a9:   05 00 00 01 00 48 01 87 90 02 00 00 48 8b 4b 08
0x00007ffe62a1d1b9:   48 8b 01 ba 01 00 00 00 48 8b 80 d8 02 00 00 ff
0x00007ffe62a1d1c9:   15 32 54 59 00 48 01 87 a0 02 00 00 41 b4 01 e9
0x00007ffe62a1d1d9:   e6 01 00 00 44 8b 9f d0 01 00 00 48 8b 87 e8 01
0x00007ffe62a1d1e9:   00 00 4c 8b 10 8b 8f d0 01 00 00 48 8d 93 f0 00
0x00007ffe62a1d1f9:   00 00 83 f9 10 73 04 8b c1 eb 57 44 8d 41 f0 41
0x00007ffe62a1d209:   8b c0 c1 e8 04 83 f8 03 73 20 0f ae e8 41 83 e0
0x00007ffe62a1d219:   0f 4c 8b 8c c2 00 04 00 00 4d 85 c9 74 26 41 8b
0x00007ffe62a1d229:   c0 48 c1 e0 06 49 03 c1 eb 2f 48 8b 82 18 04 00
0x00007ffe62a1d239:   00 48 85 c0 74 0e 90 39 08 74 3c 48 8b 40 48 48
0x00007ffe62a1d249:   85 c0 75 f3 80 ba 20 04 00 00 00 74 1b 8b c1 83
0x00007ffe62a1d259:   e0 0f 48 c1 e0 06 48 03 c2 48 85 c0 74 0a 4c 39 


Stack slot to memory mapping:
stack at sp + 0 slots: 0x0000023bfe306430 points into unknown readable memory: 0xffffffffffffffff | ff ff ff ff ff ff ff ff
stack at sp + 1 slots: 0x8392007182920122 is an unknown value
stack at sp + 2 slots: 0x000000b8938fe9f8 is pointing into the stack for thread: 0x0000023bfdb3b410
stack at sp + 3 slots: 0x0000005400000000 is an unknown value
stack at sp + 4 slots: 0x00007ffe6340b740 ig11icd64.dll
stack at sp + 5 slots: 0x0 is NULL
stack at sp + 6 slots: 0x0000023b885f9d50 points into unknown readable memory: 0x0000000000000000 | 00 00 00 00 00 00 00 00
stack at sp + 7 slots: 